<?xml version="1.0" encoding="UTF-8"?>
<!-- Generated by org.testng.reporters.JUnitReportReporter -->
<testsuite hostname="DESKTOP-DR9DKED" name="com.selenium.automation.achala.bussinesscripts.HomePage" tests="1" failures="0" timestamp="27 Nov 2020 12:07:14 GMT" time="57.066" errors="0">
  <testcase name="openbrowser" time="57.066" classname="com.selenium.automation.achala.bussinesscripts.HomePage"/>
</testsuite> <!-- com.selenium.automation.achala.bussinesscripts.HomePage -->
